  Animation.c
  AnimationState.c
  AnimationStateData.c
  Atlas.c
  AtlasAttachmentLoader.c
  Attachment.c
  AttachmentLoader.c
  Bone.c
  BoneData.c
  BoundingBoxAttachment.c
  Event.c
  EventData.c
  extension.c
  IkConstraint.c
  IkConstraintData.c
  Json.c
  MeshAttachment.c
  PathAttachment.c
  PathConstraint.c
  PathConstraintData.c
  RegionAttachment.c
  Skeleton.c
  SkeletonBinary.c
  SkeletonBounds.c
  SkeletonData.c
  SkeletonJson.c
  Skin.c
D:\ClientCK_1\game\frameworks\cocos2d-x\cocos\editor-support\spine\SkeletonBinary.c(294,20): warning C4018: “<”: 有符号/无符号不匹配
D:\ClientCK_1\game\frameworks\cocos2d-x\cocos\editor-support\spine\SkeletonBinary.c(357,20): warning C4018: “<”: 有符号/无符号不匹配
  Slot.c
D:\ClientCK_1\game\frameworks\cocos2d-x\cocos\editor-support\spine\SkeletonBinary.c(469,20): warning C4018: “<”: 有符号/无符号不匹配
  SlotData.c
  TransformConstraint.c
  TransformConstraintData.c
  VertexAttachment.c
  AttachmentVertices.cpp
  Cocos2dAttachmentLoader.cpp
  SkeletonAnimation.cpp
  SkeletonBatch.cpp
  SkeletonRenderer.cpp
  spine-cocos2dx.cpp
  libSpine.vcxproj -> D:\ClientCK_1\game\frameworks\runtime-src\proj.win32\Debug.win32\libSpine.lib
