d:\clientck_1\game\frameworks\cocos2d-x\tools\simulator\libsimulator\proj.win32\release.win32\generated_message_util.obj
d:\clientck_1\game\frameworks\cocos2d-x\tools\simulator\libsimulator\proj.win32\release.win32\extension_set.obj
d:\clientck_1\game\frameworks\cocos2d-x\tools\simulator\libsimulator\proj.win32\release.win32\playerutils.obj
d:\clientck_1\game\frameworks\cocos2d-x\tools\simulator\libsimulator\proj.win32\release.win32\playertaskserviceprotocol.obj
d:\clientck_1\game\frameworks\cocos2d-x\tools\simulator\libsimulator\proj.win32\release.win32\playersettings.obj
d:\clientck_1\game\frameworks\cocos2d-x\tools\simulator\libsimulator\proj.win32\release.win32\playerserviceprotocol.obj
d:\clientck_1\game\frameworks\cocos2d-x\tools\simulator\libsimulator\proj.win32\release.win32\playerprotocol.obj
d:\clientck_1\game\frameworks\cocos2d-x\tools\simulator\libsimulator\proj.win32\release.win32\playermenuserviceprotocol.obj
d:\clientck_1\game\frameworks\cocos2d-x\tools\simulator\libsimulator\proj.win32\release.win32\applang.obj
d:\clientck_1\game\frameworks\cocos2d-x\tools\simulator\libsimulator\proj.win32\release.win32\appevent.obj
d:\clientck_1\game\frameworks\cocos2d-x\tools\simulator\libsimulator\proj.win32\release.win32\simulatorconfig.obj
d:\clientck_1\game\frameworks\cocos2d-x\tools\simulator\libsimulator\proj.win32\release.win32\projectconfig.obj
d:\clientck_1\game\frameworks\cocos2d-x\tools\simulator\libsimulator\proj.win32\release.win32\playerwin.obj
d:\clientck_1\game\frameworks\cocos2d-x\tools\simulator\libsimulator\proj.win32\release.win32\playertaskservicewin.obj
d:\clientck_1\game\frameworks\cocos2d-x\tools\simulator\libsimulator\proj.win32\release.win32\playermessageboxservicewin.obj
d:\clientck_1\game\frameworks\cocos2d-x\tools\simulator\libsimulator\proj.win32\release.win32\playermenuservicewin.obj
d:\clientck_1\game\frameworks\cocos2d-x\tools\simulator\libsimulator\proj.win32\release.win32\playerfiledialogservicewin.obj
d:\clientck_1\game\frameworks\cocos2d-x\tools\simulator\libsimulator\proj.win32\release.win32\playereditboxservicewin.obj
d:\clientck_1\game\frameworks\cocos2d-x\tools\simulator\libsimulator\proj.win32\release.win32\deviceex-win32.obj
d:\clientck_1\game\frameworks\cocos2d-x\tools\simulator\libsimulator\proj.win32\release.win32\cchttprequest.obj
d:\clientck_1\game\frameworks\cocos2d-x\tools\simulator\libsimulator\proj.win32\release.win32\protos.pb.obj
d:\clientck_1\game\frameworks\cocos2d-x\tools\simulator\libsimulator\proj.win32\release.win32\portrait_png.obj
d:\clientck_1\game\frameworks\cocos2d-x\tools\simulator\libsimulator\proj.win32\release.win32\playenable_png.obj
d:\clientck_1\game\frameworks\cocos2d-x\tools\simulator\libsimulator\proj.win32\release.win32\playdisable_png.obj
d:\clientck_1\game\frameworks\cocos2d-x\tools\simulator\libsimulator\proj.win32\release.win32\landscape_png.obj
d:\clientck_1\game\frameworks\cocos2d-x\tools\simulator\libsimulator\proj.win32\release.win32\fileserver.obj
d:\clientck_1\game\frameworks\cocos2d-x\tools\simulator\libsimulator\proj.win32\release.win32\consolecommand.obj
d:\clientck_1\game\frameworks\cocos2d-x\tools\simulator\libsimulator\proj.win32\release.win32\connectwaitlayer.obj
d:\clientck_1\game\frameworks\cocos2d-x\tools\simulator\libsimulator\proj.win32\release.win32\configparser.obj
d:\clientck_1\game\frameworks\cocos2d-x\tools\simulator\libsimulator\proj.win32\release.win32\wire_format_lite.obj
d:\clientck_1\game\frameworks\cocos2d-x\tools\simulator\libsimulator\proj.win32\release.win32\stringprintf.obj
d:\clientck_1\game\frameworks\cocos2d-x\tools\simulator\libsimulator\proj.win32\release.win32\once.obj
d:\clientck_1\game\frameworks\cocos2d-x\tools\simulator\libsimulator\proj.win32\release.win32\common.obj
d:\clientck_1\game\frameworks\cocos2d-x\tools\simulator\libsimulator\proj.win32\release.win32\atomicops_internals_x86_msvc.obj
d:\clientck_1\game\frameworks\cocos2d-x\tools\simulator\libsimulator\proj.win32\release.win32\atomicops_internals_x86_gcc.obj
d:\clientck_1\game\frameworks\cocos2d-x\tools\simulator\libsimulator\proj.win32\release.win32\repeated_field.obj
d:\clientck_1\game\frameworks\cocos2d-x\tools\simulator\libsimulator\proj.win32\release.win32\message_lite.obj
d:\clientck_1\game\frameworks\cocos2d-x\tools\simulator\libsimulator\proj.win32\release.win32\zero_copy_stream_impl_lite.obj
d:\clientck_1\game\frameworks\cocos2d-x\tools\simulator\libsimulator\proj.win32\release.win32\zero_copy_stream.obj
d:\clientck_1\game\frameworks\cocos2d-x\tools\simulator\libsimulator\proj.win32\release.win32\coded_stream.obj
d:\clientck_1\game\frameworks\cocos2d-x\tools\simulator\libsimulator\proj.win32\release.win32\stdafx.obj
d:\clientck_1\game\frameworks\cocos2d-x\tools\simulator\libsimulator\proj.win32\release.win32\runtime_win32.obj
d:\clientck_1\game\frameworks\cocos2d-x\tools\simulator\libsimulator\proj.win32\release.win32\visiblerect.obj
d:\clientck_1\game\frameworks\cocos2d-x\tools\simulator\libsimulator\proj.win32\release.win32\shine_png.obj
d:\clientck_1\game\frameworks\cocos2d-x\tools\simulator\libsimulator\proj.win32\release.win32\runtimeprotocol.obj
d:\clientck_1\game\frameworks\cocos2d-x\tools\simulator\libsimulator\proj.win32\release.win32\runtimeccsimpl.obj
d:\clientck_1\game\frameworks\cocos2d-x\tools\simulator\libsimulator\proj.win32\release.win32\runtime.obj
d:\clientck_1\game\frameworks\runtime-src\proj.win32\release.win32\libsimulator.lib
d:\clientck_1\game\frameworks\cocos2d-x\tools\simulator\libsimulator\proj.win32\release.win32\libsimulator.tlog\cl.command.1.tlog
d:\clientck_1\game\frameworks\cocos2d-x\tools\simulator\libsimulator\proj.win32\release.win32\libsimulator.tlog\cl.read.1.tlog
d:\clientck_1\game\frameworks\cocos2d-x\tools\simulator\libsimulator\proj.win32\release.win32\libsimulator.tlog\cl.write.1.tlog
d:\clientck_1\game\frameworks\cocos2d-x\tools\simulator\libsimulator\proj.win32\release.win32\libsimulator.tlog\lib-link.read.1.tlog
d:\clientck_1\game\frameworks\cocos2d-x\tools\simulator\libsimulator\proj.win32\release.win32\libsimulator.tlog\lib-link.write.1.tlog
d:\clientck_1\game\frameworks\cocos2d-x\tools\simulator\libsimulator\proj.win32\release.win32\libsimulator.tlog\lib.command.1.tlog
