d:\clientck_1\game\frameworks\cocos2d-x\cocos\editor-support\spine\proj.win32\release.win32\pathconstraintdata.obj
d:\clientck_1\game\frameworks\cocos2d-x\cocos\editor-support\spine\proj.win32\release.win32\pathconstraint.obj
d:\clientck_1\game\frameworks\cocos2d-x\cocos\editor-support\spine\proj.win32\release.win32\pathattachment.obj
d:\clientck_1\game\frameworks\cocos2d-x\cocos\editor-support\spine\proj.win32\release.win32\meshattachment.obj
d:\clientck_1\game\frameworks\cocos2d-x\cocos\editor-support\spine\proj.win32\release.win32\json.obj
d:\clientck_1\game\frameworks\cocos2d-x\cocos\editor-support\spine\proj.win32\release.win32\ikconstraintdata.obj
d:\clientck_1\game\frameworks\cocos2d-x\cocos\editor-support\spine\proj.win32\release.win32\ikconstraint.obj
d:\clientck_1\game\frameworks\cocos2d-x\cocos\editor-support\spine\proj.win32\release.win32\extension.obj
d:\clientck_1\game\frameworks\cocos2d-x\cocos\editor-support\spine\proj.win32\release.win32\eventdata.obj
d:\clientck_1\game\frameworks\cocos2d-x\cocos\editor-support\spine\proj.win32\release.win32\event.obj
d:\clientck_1\game\frameworks\cocos2d-x\cocos\editor-support\spine\proj.win32\release.win32\boundingboxattachment.obj
d:\clientck_1\game\frameworks\cocos2d-x\cocos\editor-support\spine\proj.win32\release.win32\bonedata.obj
d:\clientck_1\game\frameworks\cocos2d-x\cocos\editor-support\spine\proj.win32\release.win32\bone.obj
d:\clientck_1\game\frameworks\cocos2d-x\cocos\editor-support\spine\proj.win32\release.win32\attachmentloader.obj
d:\clientck_1\game\frameworks\cocos2d-x\cocos\editor-support\spine\proj.win32\release.win32\attachment.obj
d:\clientck_1\game\frameworks\cocos2d-x\cocos\editor-support\spine\proj.win32\release.win32\atlasattachmentloader.obj
d:\clientck_1\game\frameworks\cocos2d-x\cocos\editor-support\spine\proj.win32\release.win32\atlas.obj
d:\clientck_1\game\frameworks\cocos2d-x\cocos\editor-support\spine\proj.win32\release.win32\animationstatedata.obj
d:\clientck_1\game\frameworks\cocos2d-x\cocos\editor-support\spine\proj.win32\release.win32\animationstate.obj
d:\clientck_1\game\frameworks\cocos2d-x\cocos\editor-support\spine\proj.win32\release.win32\animation.obj
d:\clientck_1\game\frameworks\cocos2d-x\cocos\editor-support\spine\proj.win32\release.win32\vertexattachment.obj
d:\clientck_1\game\frameworks\cocos2d-x\cocos\editor-support\spine\proj.win32\release.win32\transformconstraintdata.obj
d:\clientck_1\game\frameworks\cocos2d-x\cocos\editor-support\spine\proj.win32\release.win32\transformconstraint.obj
d:\clientck_1\game\frameworks\cocos2d-x\cocos\editor-support\spine\proj.win32\release.win32\slotdata.obj
d:\clientck_1\game\frameworks\cocos2d-x\cocos\editor-support\spine\proj.win32\release.win32\slot.obj
d:\clientck_1\game\frameworks\cocos2d-x\cocos\editor-support\spine\proj.win32\release.win32\skin.obj
d:\clientck_1\game\frameworks\cocos2d-x\cocos\editor-support\spine\proj.win32\release.win32\skeletonjson.obj
d:\clientck_1\game\frameworks\cocos2d-x\cocos\editor-support\spine\proj.win32\release.win32\skeletondata.obj
d:\clientck_1\game\frameworks\cocos2d-x\cocos\editor-support\spine\proj.win32\release.win32\skeletonbounds.obj
d:\clientck_1\game\frameworks\cocos2d-x\cocos\editor-support\spine\proj.win32\release.win32\skeletonbinary.obj
d:\clientck_1\game\frameworks\cocos2d-x\cocos\editor-support\spine\proj.win32\release.win32\skeleton.obj
d:\clientck_1\game\frameworks\cocos2d-x\cocos\editor-support\spine\proj.win32\release.win32\regionattachment.obj
d:\clientck_1\game\frameworks\cocos2d-x\cocos\editor-support\spine\proj.win32\release.win32\spine-cocos2dx.obj
d:\clientck_1\game\frameworks\cocos2d-x\cocos\editor-support\spine\proj.win32\release.win32\skeletonrenderer.obj
d:\clientck_1\game\frameworks\cocos2d-x\cocos\editor-support\spine\proj.win32\release.win32\skeletonbatch.obj
d:\clientck_1\game\frameworks\cocos2d-x\cocos\editor-support\spine\proj.win32\release.win32\skeletonanimation.obj
d:\clientck_1\game\frameworks\cocos2d-x\cocos\editor-support\spine\proj.win32\release.win32\cocos2dattachmentloader.obj
d:\clientck_1\game\frameworks\cocos2d-x\cocos\editor-support\spine\proj.win32\release.win32\attachmentvertices.obj
d:\clientck_1\game\frameworks\runtime-src\proj.win32\release.win32\libspine.lib
d:\clientck_1\game\frameworks\cocos2d-x\cocos\editor-support\spine\proj.win32\release.win32\libspine.tlog\cl.command.1.tlog
d:\clientck_1\game\frameworks\cocos2d-x\cocos\editor-support\spine\proj.win32\release.win32\libspine.tlog\cl.read.1.tlog
d:\clientck_1\game\frameworks\cocos2d-x\cocos\editor-support\spine\proj.win32\release.win32\libspine.tlog\cl.write.1.tlog
d:\clientck_1\game\frameworks\cocos2d-x\cocos\editor-support\spine\proj.win32\release.win32\libspine.tlog\lib-link.read.1.tlog
d:\clientck_1\game\frameworks\cocos2d-x\cocos\editor-support\spine\proj.win32\release.win32\libspine.tlog\lib-link.write.1.tlog
d:\clientck_1\game\frameworks\cocos2d-x\cocos\editor-support\spine\proj.win32\release.win32\libspine.tlog\lib.command.1.tlog
